2025-08-23 00:56:40 2025-08-22T22:56:40.001Z daemon INFO time="2025-08-23T00:56:40+02:00" level=info msg="Adding libraries dir" dir=/home/wasabi/.arduino15/libraries isSingleLibrary=false location=ide
time="2025-08-23T00:56:40+02:00" level=info msg="Adding libraries dir" dir=/home/wasabi/.arduino15/packages/esp8266/hardware/esp8266/3.1.2/libraries isSingleLibrary=false location=platform
time="2025-08-23T00:56:40+02:00" level=info msg="Adding libraries dir" dir=/home/wasabi/Arduino/libraries isSingleLibrary=false location=user
2025-08-23 00:56:42 2025-08-22T22:56:42.845Z daemon INFO time="2025-08-23T00:56:42+02:00" level=info msg="Adding libraries dir" dir=/home/wasabi/.arduino15/libraries isSingleLibrary=false location=ide
time="2025-08-23T00:56:42+02:00" level=info msg="Adding libraries dir" dir=/home/wasabi/.arduino15/packages/esp8266/hardware/esp8266/3.1.2/libraries isSingleLibrary=false location=platform
time="2025-08-23T00:56:42+02:00" level=info msg="Adding libraries dir" dir=/home/wasabi/Arduino/libraries isSingleLibrary=false location=user
2025-08-23 00:56:48 2025-08-22T22:56:48.746Z daemon INFO time="2025-08-23T00:56:48+02:00" level=info msg="Adding libraries dir" dir=/home/wasabi/.arduino15/libraries isSingleLibrary=false location=ide
time="2025-08-23T00:56:48+02:00" level=info msg="Adding libraries dir" dir=/home/wasabi/.arduino15/packages/esp8266/hardware/esp8266/3.1.2/libraries isSingleLibrary=false location=platform
time="2025-08-23T00:56:48+02:00" level=info msg="Adding libraries dir" dir=/home/wasabi/Arduino/libraries isSingleLibrary=false location=user
2025-08-23 00:56:51 2025-08-22T22:56:51.745Z daemon INFO time="2025-08-23T00:56:51+02:00" level=info msg="Adding libraries dir" dir=/home/wasabi/.arduino15/libraries isSingleLibrary=false location=ide
2025-08-23 00:56:51 2025-08-22T22:56:51.746Z daemon INFO time="2025-08-23T00:56:51+02:00" level=info msg="Adding libraries dir" dir=/home/wasabi/.arduino15/packages/esp8266/hardware/esp8266/3.1.2/libraries isSingleLibrary=false location=platform
time="2025-08-23T00:56:51+02:00" level=info msg="Adding libraries dir" dir=/home/wasabi/Arduino/libraries isSingleLibrary=false location=user
2025-08-23 00:56:56 2025-08-22T22:56:56.546Z daemon INFO time="2025-08-23T00:56:56+02:00" level=info msg="Adding libraries dir" dir=/home/wasabi/.arduino15/libraries isSingleLibrary=false location=ide
time="2025-08-23T00:56:56+02:00" level=info msg="Adding libraries dir" dir=/home/wasabi/.arduino15/packages/esp8266/hardware/esp8266/3.1.2/libraries isSingleLibrary=false location=platform
2025-08-23 00:56:56 2025-08-22T22:56:56.546Z daemon INFO time="2025-08-23T00:56:56+02:00" level=info msg="Adding libraries dir" dir=/home/wasabi/Arduino/libraries isSingleLibrary=false location=user
2025-08-23 00:56:58 2025-08-22T22:56:58.931Z daemon INFO time="2025-08-23T00:56:58+02:00" level=info msg="Adding libraries dir" dir=/home/wasabi/.arduino15/libraries isSingleLibrary=false location=ide
time="2025-08-23T00:56:58+02:00" level=info msg="Adding libraries dir" dir=/home/wasabi/.arduino15/packages/esp8266/hardware/esp8266/3.1.2/libraries isSingleLibrary=false location=platform
2025-08-23 00:56:58 2025-08-22T22:56:58.931Z daemon INFO time="2025-08-23T00:56:58+02:00" level=info msg="Adding libraries dir" dir=/home/wasabi/Arduino/libraries isSingleLibrary=false location=user
2025-08-23 00:56:59 2025-08-22T22:56:59.245Z daemon INFO time="2025-08-23T00:56:59+02:00" level=info msg="Adding libraries dir" dir=/home/wasabi/.arduino15/libraries isSingleLibrary=false location=ide
time="2025-08-23T00:56:59+02:00" level=info msg="Adding libraries dir" dir=/home/wasabi/.arduino15/packages/esp8266/hardware/esp8266/3.1.2/libraries isSingleLibrary=false location=platform
time="2025-08-23T00:56:59+02:00" level=info msg="Adding libraries dir" dir=/home/wasabi/Arduino/libraries isSingleLibrary=false location=user
2025-08-23 00:56:59 2025-08-22T22:56:59.601Z daemon INFO time="2025-08-23T00:56:59+02:00" level=info msg="Resolving include ESP8266WiFi.h for arch esp8266"
time="2025-08-23T00:56:59+02:00" level=info msg="  found better lib" lib=ESP8266WiFi prio=6B0
2025-08-23 00:57:02 2025-08-22T22:57:02.779Z root INFO Executing 'arduino.languageserver.notifyBuildDidComplete' with "file:///home/wasabi/.cache/arduino/sketches/A482C0AE860C27A4090F3111828A8B3D"
2025-08-23 00:57:02 2025-08-22T22:57:02.930Z daemon INFO time="2025-08-23T00:57:02+02:00" level=info msg="Tool required for debug" tool="esp8266:mklittlefs@3.1.0-gcc10.3-e5f9fec"
2025-08-23 00:57:02 2025-08-22T22:57:02.935Z daemon INFO time="2025-08-23T00:57:02+02:00" level=info msg="Tool required for debug" tool="esp8266:mkspiffs@3.1.0-gcc10.3-e5f9fec"
time="2025-08-23T00:57:02+02:00" level=info msg="Tool required for debug" tool="esp8266:python3@3.7.2-post1"
time="2025-08-23T00:57:02+02:00" level=info msg="Tool required for debug" tool="esp8266:xtensa-lx106-elf-gcc@3.1.0-gcc10.3-e5f9fec"
time="2025-08-23T00:57:02+02:00" level=info msg="Tool required for debug" tool="arduino:avrdude@6.3.0-arduino17"
time="2025-08-23T00:57:02+02:00" level=info msg="Tool required for debug" tool="esp32:riscv32-esp-elf-gdb@16.2_20250324"
time="2025-08-23T00:57:02+02:00" level=info msg="Tool required for debug" tool="esp32:openocd-esp32@v0.12.0-esp32-20250422"
time="2025-08-23T00:57:02+02:00" level=info msg="Tool required for debug" tool="builtin:mdns-discovery@1.0.9"
time="2025-08-23T00:57:02+02:00" level=info msg="Tool required for debug" tool="esp32:esptool_py@5.0.0"
time="2025-08-23T00:57:02+02:00" level=info msg="Tool required for debug" tool="esp32:esp-x32@2411"
time="2025-08-23T00:57:02+02:00" level=info msg="Tool required for debug" tool="builtin:ctags@5.8-arduino11"
time="2025-08-23T00:57:02+02:00" level=info msg="Tool required for debug" tool="builtin:dfu-discovery@0.1.2"
time="2025-08-23T00:57:02+02:00" level=info msg="Tool required for debug" tool="builtin:serial-monitor@0.15.0"
time="2025-08-23T00:57:02+02:00" level=info msg="Tool required for debug" tool="arduino:dfu-util@0.11.0-arduino5"
time="2025-08-23T00:57:02+02:00" level=info msg="Tool required for debug" tool="builtin:serial-discovery@1.4.1"
time="2025-08-23T00:57:02+02:00" level=info msg="Tool required for debug" tool="arduino:arduinoOTA@1.3.0"
time="2025-08-23T00:57:02+02:00" level=info msg="Tool required for debug" tool="esp32:esp32-arduino-libs@idf-release_v5.5-b66b5448-v1"
time="2025-08-23T00:57:02+02:00" level=info msg="Tool required for debug" tool="esp32:xtensa-esp-elf-gdb@16.2_20250324"
time="2025-08-23T00:57:02+02:00" level=info msg="Tool required for debug" tool="esp32:esp-rv32@2411"
time="2025-08-23T00:57:02+02:00" level=info msg="Tool required for debug" tool="arduino:avr-gcc@7.3.0-atmel3.6.1-arduino7"
time="2025-08-23T00:57:02+02:00" level=info msg="Tool required for debug" tool="esp32:s3-gcc@2021r2-p5"
2025-08-23 00:57:02 2025-08-22T22:57:02.935Z root ERROR Failed to get debug config: esp8266:esp8266:generic:led=2,baud=115200,xtal=80,CrystalFreq=26,eesz=1M64,FlashMode=dout,FlashFreq=40,ResetMethod=nodemcu,dbg=Disabled,lvl=None____,ip=lm2f,vt=flash,exception=disabled,stacksmash=disabled,wipe=none,sdk=nonosdk_190703,ssl=all,mmu=3232,non32xfer=fast, undefined Error: Debugging is not supported.
    at Object.callback (/home/wasabi/workspace/arduino/IDE/resources/app/lib/backend/main.js:2:82366)
    at Object.onReceiveStatus (/home/wasabi/workspace/arduino/IDE/resources/app/lib/backend/main.js:2:946829)
    at Object.onReceiveStatus (/home/wasabi/workspace/arduino/IDE/resources/app/lib/backend/main.js:2:942780)
    at Object.onReceiveStatus (/home/wasabi/workspace/arduino/IDE/resources/app/lib/backend/main.js:2:942225)
    at /home/wasabi/workspace/arduino/IDE/resources/app/lib/backend/main.js:2:1028347
    at process.processTicksAndRejections (node:internal/process/task_queues:77:11)
2025-08-23 00:57:02 2025-08-22T22:57:02.935Z root ERROR Request checkDebugEnabled failed with error: Debugging is not supported. Error: Debugging is not supported.
    at Object.callback (/home/wasabi/workspace/arduino/IDE/resources/app/lib/backend/main.js:2:82366)
    at Object.onReceiveStatus (/home/wasabi/workspace/arduino/IDE/resources/app/lib/backend/main.js:2:946829)
    at Object.onReceiveStatus (/home/wasabi/workspace/arduino/IDE/resources/app/lib/backend/main.js:2:942780)
    at Object.onReceiveStatus (/home/wasabi/workspace/arduino/IDE/resources/app/lib/backend/main.js:2:942225)
    at /home/wasabi/workspace/arduino/IDE/resources/app/lib/backend/main.js:2:1028347
    at process.processTicksAndRejections (node:internal/process/task_queues:77:11)
2025-08-23 00:57:03 2025-08-22T22:57:03.841Z daemon INFO time="2025-08-23T00:57:03+02:00" level=info msg="Adding libraries dir" dir=/home/wasabi/.arduino15/libraries isSingleLibrary=false location=ide
2025-08-23 00:57:03 2025-08-22T22:57:03.841Z daemon INFO time="2025-08-23T00:57:03+02:00" level=info msg="Adding libraries dir" dir=/home/wasabi/.arduino15/packages/esp8266/hardware/esp8266/3.1.2/libraries isSingleLibrary=false location=platform
time="2025-08-23T00:57:03+02:00" level=info msg="Adding libraries dir" dir=/home/wasabi/Arduino/libraries isSingleLibrary=false location=user
2025-08-23 00:57:28 2025-08-22T22:57:28.632Z root INFO Received port after upload [arduino+serial:///dev/ttyUSB1, esp8266:esp8266:generic:led=2,baud=115200,xtal=80,CrystalFreq=26,eesz=1M64,FlashMode=dout,FlashFreq=40,ResetMethod=nodemcu,dbg=Disabled,lvl=None____,ip=lm2f,vt=flash,exception=disabled,stacksmash=disabled,wipe=none,sdk=nonosdk_190703,ssl=all,mmu=3232,non32xfer=fast, sketch_aug22a]. Before port: {"address":"/dev/ttyUSB1","addressLabel":"/dev/ttyUSB1","protocol":"serial","protocolLabel":"Serial Port (USB)","properties":{"pid":"0x7523","serialNumber":"","vid":"0x1a86"}}, after port: {"address":"/dev/ttyUSB1","addressLabel":"/dev/ttyUSB1","protocol":"serial","protocolLabel":"Serial Port (USB)","properties":{"pid":"0x7523","serialNumber":"","vid":"0x1a86"}}
2025-08-23 00:57:32 2025-08-22T22:57:32.818Z daemon INFO time="2025-08-23T00:57:32+02:00" level=info msg="Adding libraries dir" dir=/home/wasabi/.arduino15/libraries isSingleLibrary=false location=ide
time="2025-08-23T00:57:32+02:00" level=info msg="Adding libraries dir" dir=/home/wasabi/.arduino15/packages/esp8266/hardware/esp8266/3.1.2/libraries isSingleLibrary=false location=platform
time="2025-08-23T00:57:32+02:00" level=info msg="Adding libraries dir" dir=/home/wasabi/Arduino/libraries isSingleLibrary=false location=user
2025-08-23 00:57:33 2025-08-22T22:57:33.101Z daemon INFO time="2025-08-23T00:57:33+02:00" level=info msg="Resolving include ESP8266WiFi.h for arch esp8266"
time="2025-08-23T00:57:33+02:00" level=info msg="  found better lib" lib=ESP8266WiFi prio=6B0
2025-08-23 00:57:36 2025-08-22T22:57:36.180Z root INFO Executing 'arduino.languageserver.notifyBuildDidComplete' with "file:///home/wasabi/.cache/arduino/sketches/A482C0AE860C27A4090F3111828A8B3D"
2025-08-23 00:57:36 2025-08-22T22:57:36.306Z daemon INFO time="2025-08-23T00:57:36+02:00" level=info msg="Tool required for debug" tool="esp8266:mklittlefs@3.1.0-gcc10.3-e5f9fec"
2025-08-23 00:57:36 2025-08-22T22:57:36.306Z daemon INFO time="2025-08-23T00:57:36+02:00" level=info msg="Tool required for debug" tool="esp8266:mkspiffs@3.1.0-gcc10.3-e5f9fec"
2025-08-23 00:57:36 2025-08-22T22:57:36.306Z daemon INFO time="2025-08-23T00:57:36+02:00" level=info msg="Tool required for debug" tool="esp8266:python3@3.7.2-post1"
2025-08-23 00:57:36 2025-08-22T22:57:36.306Z daemon INFO time="2025-08-23T00:57:36+02:00" level=info msg="Tool required for debug" tool="esp8266:xtensa-lx106-elf-gcc@3.1.0-gcc10.3-e5f9fec"
2025-08-23 00:57:36 2025-08-22T22:57:36.306Z daemon INFO time="2025-08-23T00:57:36+02:00" level=info msg="Tool required for debug" tool="arduino:dfu-util@0.11.0-arduino5"
2025-08-23 00:57:36 2025-08-22T22:57:36.307Z daemon INFO time="2025-08-23T00:57:36+02:00" level=info msg="Tool required for debug" tool="arduino:avr-gcc@7.3.0-atmel3.6.1-arduino7"
time="2025-08-23T00:57:36+02:00" level=info msg="Tool required for debug" tool="arduino:arduinoOTA@1.3.0"
time="2025-08-23T00:57:36+02:00" level=info msg="Tool required for debug" tool="esp32:riscv32-esp-elf-gdb@16.2_20250324"
time="2025-08-23T00:57:36+02:00" level=info msg="Tool required for debug" tool="esp32:esp32-arduino-libs@idf-release_v5.5-b66b5448-v1"
time="2025-08-23T00:57:36+02:00" level=info msg="Tool required for debug" tool="builtin:ctags@5.8-arduino11"
time="2025-08-23T00:57:36+02:00" level=info msg="Tool required for debug" tool="esp32:esp-x32@2411"
time="2025-08-23T00:57:36+02:00" level=info msg="Tool required for debug" tool="esp32:s3-gcc@2021r2-p5"
time="2025-08-23T00:57:36+02:00" level=info msg="Tool required for debug" tool="builtin:dfu-discovery@0.1.2"
time="2025-08-23T00:57:36+02:00" level=info msg="Tool required for debug" tool="builtin:serial-discovery@1.4.1"
time="2025-08-23T00:57:36+02:00" level=info msg="Tool required for debug" tool="builtin:serial-monitor@0.15.0"
time="2025-08-23T00:57:36+02:00" level=info msg="Tool required for debug" tool="arduino:avrdude@6.3.0-arduino17"
time="2025-08-23T00:57:36+02:00" level=info msg="Tool required for debug" tool="esp32:esptool_py@5.0.0"
time="2025-08-23T00:57:36+02:00" level=info msg="Tool required for debug" tool="builtin:mdns-discovery@1.0.9"
time="2025-08-23T00:57:36+02:00" level=info msg="Tool required for debug" tool="esp32:xtensa-esp-elf-gdb@16.2_20250324"
time="2025-08-23T00:57:36+02:00" level=info msg="Tool required for debug" tool="esp32:esp-rv32@2411"
time="2025-08-23T00:57:36+02:00" level=info msg="Tool required for debug" tool="esp32:openocd-esp32@v0.12.0-esp32-20250422"
2025-08-23 00:57:36 2025-08-22T22:57:36.307Z root ERROR Failed to get debug config: esp8266:esp8266:generic:led=2,baud=115200,xtal=80,CrystalFreq=26,eesz=1M64,FlashMode=dout,FlashFreq=40,ResetMethod=nodemcu,dbg=Disabled,lvl=None____,ip=lm2f,vt=flash,exception=disabled,stacksmash=disabled,wipe=none,sdk=nonosdk_190703,ssl=all,mmu=3232,non32xfer=fast, undefined Error: Debugging is not supported.
    at Object.callback (/home/wasabi/workspace/arduino/IDE/resources/app/lib/backend/main.js:2:82366)
    at Object.onReceiveStatus (/home/wasabi/workspace/arduino/IDE/resources/app/lib/backend/main.js:2:946829)
    at Object.onReceiveStatus (/home/wasabi/workspace/arduino/IDE/resources/app/lib/backend/main.js:2:942780)
    at Object.onReceiveStatus (/home/wasabi/workspace/arduino/IDE/resources/app/lib/backend/main.js:2:942225)
    at /home/wasabi/workspace/arduino/IDE/resources/app/lib/backend/main.js:2:1028347
    at process.processTicksAndRejections (node:internal/process/task_queues:77:11)
2025-08-23 00:57:36 2025-08-22T22:57:36.307Z root ERROR Request checkDebugEnabled failed with error: Debugging is not supported. Error: Debugging is not supported.
    at Object.callback (/home/wasabi/workspace/arduino/IDE/resources/app/lib/backend/main.js:2:82366)
    at Object.onReceiveStatus (/home/wasabi/workspace/arduino/IDE/resources/app/lib/backend/main.js:2:946829)
    at Object.onReceiveStatus (/home/wasabi/workspace/arduino/IDE/resources/app/lib/backend/main.js:2:942780)
    at Object.onReceiveStatus (/home/wasabi/workspace/arduino/IDE/resources/app/lib/backend/main.js:2:942225)
    at /home/wasabi/workspace/arduino/IDE/resources/app/lib/backend/main.js:2:1028347
    at process.processTicksAndRejections (node:internal/process/task_queues:77:11)
2025-08-23 00:57:37 2025-08-22T22:57:37.246Z daemon INFO time="2025-08-23T00:57:37+02:00" level=info msg="Adding libraries dir" dir=/home/wasabi/.arduino15/libraries isSingleLibrary=false location=ide
time="2025-08-23T00:57:37+02:00" level=info msg="Adding libraries dir" dir=/home/wasabi/.arduino15/packages/esp8266/hardware/esp8266/3.1.2/libraries isSingleLibrary=false location=platform
2025-08-23 00:57:37 2025-08-22T22:57:37.246Z daemon INFO time="2025-08-23T00:57:37+02:00" level=info msg="Adding libraries dir" dir=/home/wasabi/Arduino/libraries isSingleLibrary=false location=user
2025-08-23 00:58:00 2025-08-22T22:58:00.866Z root INFO Received port after upload [arduino+serial:///dev/ttyUSB1, esp8266:esp8266:generic:led=2,baud=115200,xtal=80,CrystalFreq=26,eesz=1M64,FlashMode=dout,FlashFreq=40,ResetMethod=nodemcu,dbg=Disabled,lvl=None____,ip=lm2f,vt=flash,exception=disabled,stacksmash=disabled,wipe=none,sdk=nonosdk_190703,ssl=all,mmu=3232,non32xfer=fast, sketch_aug22a]. Before port: {"address":"/dev/ttyUSB1","addressLabel":"/dev/ttyUSB1","protocol":"serial","protocolLabel":"Serial Port (USB)","properties":{"pid":"0x7523","serialNumber":"","vid":"0x1a86"}}, after port: {"address":"/dev/ttyUSB1","addressLabel":"/dev/ttyUSB1","protocol":"serial","protocolLabel":"Serial Port (USB)","properties":{"pid":"0x7523","serialNumber":"","vid":"0x1a86"}}
2025-08-23 00:59:29 2025-08-22T22:59:29.743Z discovery-log INFO {"eventType":"remove","port":{"matchingBoardsList":[],"port":{"address":"/dev/ttyUSB1","label":"","protocol":"serial","protocolLabel":"","propertiesMap":[],"hardwareId":""}},"error":""}
2025-08-23 00:59:35 2025-08-22T22:59:35.371Z discovery-log INFO {"eventType":"add","port":{"matchingBoardsList":[],"port":{"address":"/dev/ttyUSB1","label":"/dev/ttyUSB1","protocol":"serial","protocolLabel":"Serial Port (USB)","propertiesMap":[["pid","0x7523"],["serialNumber",""],["vid","0x1a86"]],"hardwareId":""}},"error":""}
2025-08-23 00:59:55 2025-08-22T22:59:55.764Z daemon INFO time="2025-08-23T00:59:55+02:00" level=info msg="Adding libraries dir" dir=/home/wasabi/.arduino15/libraries isSingleLibrary=false location=ide
2025-08-23 00:59:55 2025-08-22T22:59:55.764Z daemon INFO time="2025-08-23T00:59:55+02:00" level=info msg="Adding libraries dir" dir=/home/wasabi/.arduino15/packages/esp8266/hardware/esp8266/3.1.2/libraries isSingleLibrary=false location=platform
2025-08-23 00:59:55 2025-08-22T22:59:55.786Z daemon INFO time="2025-08-23T00:59:55+02:00" level=info msg="Adding libraries dir" dir=/home/wasabi/Arduino/libraries isSingleLibrary=false location=user
2025-08-23 01:00:06 2025-08-22T23:00:06.918Z daemon INFO time="2025-08-23T01:00:06+02:00" level=info msg="Adding libraries dir" dir=/home/wasabi/.arduino15/libraries isSingleLibrary=false location=ide
time="2025-08-23T01:00:06+02:00" level=info msg="Adding libraries dir" dir=/home/wasabi/.arduino15/packages/esp8266/hardware/esp8266/3.1.2/libraries isSingleLibrary=false location=platform
2025-08-23 01:00:06 2025-08-22T23:00:06.918Z daemon INFO time="2025-08-23T01:00:06+02:00" level=info msg="Adding libraries dir" dir=/home/wasabi/Arduino/libraries isSingleLibrary=false location=user
2025-08-23 01:00:08 2025-08-22T23:00:08.854Z daemon INFO time="2025-08-23T01:00:08+02:00" level=info msg="Adding libraries dir" dir=/home/wasabi/.arduino15/libraries isSingleLibrary=false location=ide
2025-08-23 01:00:08 2025-08-22T23:00:08.854Z daemon INFO time="2025-08-23T01:00:08+02:00" level=info msg="Adding libraries dir" dir=/home/wasabi/.arduino15/packages/esp8266/hardware/esp8266/3.1.2/libraries isSingleLibrary=false location=platform
time="2025-08-23T01:00:08+02:00" level=info msg="Adding libraries dir" dir=/home/wasabi/Arduino/libraries isSingleLibrary=false location=user
2025-08-23 01:00:17 2025-08-22T23:00:17.958Z daemon INFO time="2025-08-23T01:00:17+02:00" level=info msg="Adding libraries dir" dir=/home/wasabi/.arduino15/libraries isSingleLibrary=false location=ide
2025-08-23 01:00:17 2025-08-22T23:00:17.958Z daemon INFO time="2025-08-23T01:00:17+02:00" level=info msg="Adding libraries dir" dir=/home/wasabi/.arduino15/packages/esp8266/hardware/esp8266/3.1.2/libraries isSingleLibrary=false location=platform
time="2025-08-23T01:00:17+02:00" level=info msg="Adding libraries dir" dir=/home/wasabi/Arduino/libraries isSingleLibrary=false location=user
2025-08-23 01:01:13 2025-08-22T23:01:13.912Z daemon INFO time="2025-08-23T01:01:13+02:00" level=info msg="Adding libraries dir" dir=/home/wasabi/.arduino15/libraries isSingleLibrary=false location=ide
2025-08-23 01:01:13 2025-08-22T23:01:13.912Z daemon INFO time="2025-08-23T01:01:13+02:00" level=info msg="Adding libraries dir" dir=/home/wasabi/.arduino15/packages/esp8266/hardware/esp8266/3.1.2/libraries isSingleLibrary=false location=platform
time="2025-08-23T01:01:13+02:00" level=info msg="Adding libraries dir" dir=/home/wasabi/Arduino/libraries isSingleLibrary=false location=user
2025-08-23 01:01:26 2025-08-22T23:01:26.859Z daemon INFO time="2025-08-23T01:01:26+02:00" level=info msg="Adding libraries dir" dir=/home/wasabi/.arduino15/libraries isSingleLibrary=false location=ide
2025-08-23 01:01:26 2025-08-22T23:01:26.859Z daemon INFO time="2025-08-23T01:01:26+02:00" level=info msg="Adding libraries dir" dir=/home/wasabi/.arduino15/packages/esp8266/hardware/esp8266/3.1.2/libraries isSingleLibrary=false location=platform
time="2025-08-23T01:01:26+02:00" level=info msg="Adding libraries dir" dir=/home/wasabi/Arduino/libraries isSingleLibrary=false location=user
2025-08-23 01:01:31 2025-08-22T23:01:31.234Z daemon INFO time="2025-08-23T01:01:31+02:00" level=info msg="Adding libraries dir" dir=/home/wasabi/.arduino15/libraries isSingleLibrary=false location=ide
2025-08-23 01:01:31 2025-08-22T23:01:31.234Z daemon INFO time="2025-08-23T01:01:31+02:00" level=info msg="Adding libraries dir" dir=/home/wasabi/.arduino15/packages/esp8266/hardware/esp8266/3.1.2/libraries isSingleLibrary=false location=platform
time="2025-08-23T01:01:31+02:00" level=info msg="Adding libraries dir" dir=/home/wasabi/Arduino/libraries isSingleLibrary=false location=user
2025-08-23 01:01:41 2025-08-22T23:01:41.898Z daemon INFO time="2025-08-23T01:01:41+02:00" level=info msg="Adding libraries dir" dir=/home/wasabi/.arduino15/libraries isSingleLibrary=false location=ide
2025-08-23 01:01:41 2025-08-22T23:01:41.898Z daemon INFO time="2025-08-23T01:01:41+02:00" level=info msg="Adding libraries dir" dir=/home/wasabi/.arduino15/packages/esp8266/hardware/esp8266/3.1.2/libraries isSingleLibrary=false location=platform
time="2025-08-23T01:01:41+02:00" level=info msg="Adding libraries dir" dir=/home/wasabi/Arduino/libraries isSingleLibrary=false location=user
2025-08-23 01:01:46 2025-08-22T23:01:46.325Z daemon INFO time="2025-08-23T01:01:46+02:00" level=info msg="Adding libraries dir" dir=/home/wasabi/.arduino15/libraries isSingleLibrary=false location=ide
2025-08-23 01:01:46 2025-08-22T23:01:46.325Z daemon INFO time="2025-08-23T01:01:46+02:00" level=info msg="Adding libraries dir" dir=/home/wasabi/.arduino15/packages/esp8266/hardware/esp8266/3.1.2/libraries isSingleLibrary=false location=platform
time="2025-08-23T01:01:46+02:00" level=info msg="Adding libraries dir" dir=/home/wasabi/Arduino/libraries isSingleLibrary=false location=user
2025-08-23 01:02:02 2025-08-22T23:02:02.743Z daemon INFO time="2025-08-23T01:02:02+02:00" level=info msg="Adding libraries dir" dir=/home/wasabi/.arduino15/libraries isSingleLibrary=false location=ide
time="2025-08-23T01:02:02+02:00" level=info msg="Adding libraries dir" dir=/home/wasabi/.arduino15/packages/esp8266/hardware/esp8266/3.1.2/libraries isSingleLibrary=false location=platform
time="2025-08-23T01:02:02+02:00" level=info msg="Adding libraries dir" dir=/home/wasabi/Arduino/libraries isSingleLibrary=false location=user
2025-08-23 01:05:05 2025-08-22T23:05:05.265Z daemon INFO time="2025-08-23T01:05:05+02:00" level=info msg="Adding libraries dir" dir=/home/wasabi/.arduino15/libraries isSingleLibrary=false location=ide
2025-08-23 01:05:05 2025-08-22T23:05:05.265Z daemon INFO time="2025-08-23T01:05:05+02:00" level=info msg="Adding libraries dir" dir=/home/wasabi/.arduino15/packages/esp8266/hardware/esp8266/3.1.2/libraries isSingleLibrary=false location=platform
time="2025-08-23T01:05:05+02:00" level=info msg="Adding libraries dir" dir=/home/wasabi/Arduino/libraries isSingleLibrary=false location=user
2025-08-23 01:05:28 2025-08-22T23:05:28.360Z daemon INFO time="2025-08-23T01:05:28+02:00" level=info msg="Adding libraries dir" dir=/home/wasabi/.arduino15/libraries isSingleLibrary=false location=ide
time="2025-08-23T01:05:28+02:00" level=info msg="Adding libraries dir" dir=/home/wasabi/.arduino15/packages/esp8266/hardware/esp8266/3.1.2/libraries isSingleLibrary=false location=platform
2025-08-23 01:05:28 2025-08-22T23:05:28.360Z daemon INFO time="2025-08-23T01:05:28+02:00" level=info msg="Adding libraries dir" dir=/home/wasabi/Arduino/libraries isSingleLibrary=false location=user
2025-08-23 01:05:42 2025-08-22T23:05:42.510Z daemon INFO time="2025-08-23T01:05:42+02:00" level=info msg="Adding libraries dir" dir=/home/wasabi/.arduino15/libraries isSingleLibrary=false location=ide
2025-08-23 01:05:42 2025-08-22T23:05:42.510Z daemon INFO time="2025-08-23T01:05:42+02:00" level=info msg="Adding libraries dir" dir=/home/wasabi/.arduino15/packages/esp8266/hardware/esp8266/3.1.2/libraries isSingleLibrary=false location=platform
time="2025-08-23T01:05:42+02:00" level=info msg="Adding libraries dir" dir=/home/wasabi/Arduino/libraries isSingleLibrary=false location=user
2025-08-23 01:05:42 2025-08-22T23:05:42.800Z daemon INFO time="2025-08-23T01:05:42+02:00" level=info msg="Adding libraries dir" dir=/home/wasabi/.arduino15/libraries isSingleLibrary=false location=ide
time="2025-08-23T01:05:42+02:00" level=info msg="Adding libraries dir" dir=/home/wasabi/.arduino15/packages/esp8266/hardware/esp8266/3.1.2/libraries isSingleLibrary=false location=platform
time="2025-08-23T01:05:42+02:00" level=info msg="Adding libraries dir" dir=/home/wasabi/Arduino/libraries isSingleLibrary=false location=user
2025-08-23 01:05:43 2025-08-22T23:05:43.189Z daemon INFO time="2025-08-23T01:05:43+02:00" level=info msg="Resolving include ESP8266WiFi.h for arch esp8266"
time="2025-08-23T01:05:43+02:00" level=info msg="  found better lib" lib=ESP8266WiFi prio=6B0
2025-08-23 01:05:46 2025-08-22T23:05:46.397Z root INFO Executing 'arduino.languageserver.notifyBuildDidComplete' with "file:///home/wasabi/.cache/arduino/sketches/A482C0AE860C27A4090F3111828A8B3D"
2025-08-23 01:05:46 2025-08-22T23:05:46.526Z daemon INFO time="2025-08-23T01:05:46+02:00" level=info msg="Tool required for debug" tool="esp8266:mklittlefs@3.1.0-gcc10.3-e5f9fec"
time="2025-08-23T01:05:46+02:00" level=info msg="Tool required for debug" tool="esp8266:mkspiffs@3.1.0-gcc10.3-e5f9fec"
time="2025-08-23T01:05:46+02:00" level=info msg="Tool required for debug" tool="esp8266:python3@3.7.2-post1"
time="2025-08-23T01:05:46+02:00" level=info msg="Tool required for debug" tool="esp8266:xtensa-lx106-elf-gcc@3.1.0-gcc10.3-e5f9fec"
2025-08-23 01:05:46 2025-08-22T23:05:46.527Z daemon INFO time="2025-08-23T01:05:46+02:00" level=info msg="Tool required for debug" tool="arduino:arduinoOTA@1.3.0"
time="2025-08-23T01:05:46+02:00" level=info msg="Tool required for debug" tool="arduino:avr-gcc@7.3.0-atmel3.6.1-arduino7"
time="2025-08-23T01:05:46+02:00" level=info msg="Tool required for debug" tool="esp32:openocd-esp32@v0.12.0-esp32-20250422"
time="2025-08-23T01:05:46+02:00" level=info msg="Tool required for debug" tool="builtin:mdns-discovery@1.0.9"
time="2025-08-23T01:05:46+02:00" level=info msg="Tool required for debug" tool="arduino:avrdude@6.3.0-arduino17"
time="2025-08-23T01:05:46+02:00" level=info msg="Tool required for debug" tool="arduino:dfu-util@0.11.0-arduino5"
time="2025-08-23T01:05:46+02:00" level=info msg="Tool required for debug" tool="esp32:esp-x32@2411"
time="2025-08-23T01:05:46+02:00" level=info msg="Tool required for debug" tool="esp32:riscv32-esp-elf-gdb@16.2_20250324"
time="2025-08-23T01:05:46+02:00" level=info msg="Tool required for debug" tool="builtin:serial-discovery@1.4.1"
time="2025-08-23T01:05:46+02:00" level=info msg="Tool required for debug" tool="builtin:serial-monitor@0.15.0"
time="2025-08-23T01:05:46+02:00" level=info msg="Tool required for debug" tool="esp32:esp32-arduino-libs@idf-release_v5.5-b66b5448-v1"
2025-08-23 01:05:46 2025-08-22T23:05:46.528Z daemon INFO time="2025-08-23T01:05:46+02:00" level=info msg="Tool required for debug" tool="esp32:esptool_py@5.0.0"
time="2025-08-23T01:05:46+02:00" level=info msg="Tool required for debug" tool="esp32:xtensa-esp-elf-gdb@16.2_20250324"
time="2025-08-23T01:05:46+02:00" level=info msg="Tool required for debug" tool="builtin:ctags@5.8-arduino11"
time="2025-08-23T01:05:46+02:00" level=info msg="Tool required for debug" tool="builtin:dfu-discovery@0.1.2"
time="2025-08-23T01:05:46+02:00" level=info msg="Tool required for debug" tool="esp32:esp-rv32@2411"
time="2025-08-23T01:05:46+02:00" level=info msg="Tool required for debug" tool="esp32:s3-gcc@2021r2-p5"
2025-08-23 01:05:46 2025-08-22T23:05:46.528Z root ERROR Failed to get debug config: esp8266:esp8266:generic:led=2,baud=115200,xtal=80,CrystalFreq=26,eesz=1M64,FlashMode=dout,FlashFreq=40,ResetMethod=nodemcu,dbg=Disabled,lvl=None____,ip=lm2f,vt=flash,exception=disabled,stacksmash=disabled,wipe=none,sdk=nonosdk_190703,ssl=all,mmu=3232,non32xfer=fast, undefined Error: Debugging is not supported.
    at Object.callback (/home/wasabi/workspace/arduino/IDE/resources/app/lib/backend/main.js:2:82366)
    at Object.onReceiveStatus (/home/wasabi/workspace/arduino/IDE/resources/app/lib/backend/main.js:2:946829)
    at Object.onReceiveStatus (/home/wasabi/workspace/arduino/IDE/resources/app/lib/backend/main.js:2:942780)
    at Object.onReceiveStatus (/home/wasabi/workspace/arduino/IDE/resources/app/lib/backend/main.js:2:942225)
    at /home/wasabi/workspace/arduino/IDE/resources/app/lib/backend/main.js:2:1028347
    at process.processTicksAndRejections (node:internal/process/task_queues:77:11)
2025-08-23 01:05:46 2025-08-22T23:05:46.529Z root ERROR Request checkDebugEnabled failed with error: Debugging is not supported. Error: Debugging is not supported.
    at Object.callback (/home/wasabi/workspace/arduino/IDE/resources/app/lib/backend/main.js:2:82366)
    at Object.onReceiveStatus (/home/wasabi/workspace/arduino/IDE/resources/app/lib/backend/main.js:2:946829)
    at Object.onReceiveStatus (/home/wasabi/workspace/arduino/IDE/resources/app/lib/backend/main.js:2:942780)
    at Object.onReceiveStatus (/home/wasabi/workspace/arduino/IDE/resources/app/lib/backend/main.js:2:942225)
    at /home/wasabi/workspace/arduino/IDE/resources/app/lib/backend/main.js:2:1028347
    at process.processTicksAndRejections (node:internal/process/task_queues:77:11)
2025-08-23 01:05:47 2025-08-22T23:05:47.456Z daemon INFO time="2025-08-23T01:05:47+02:00" level=info msg="Adding libraries dir" dir=/home/wasabi/.arduino15/libraries isSingleLibrary=false location=ide
2025-08-23 01:05:47 2025-08-22T23:05:47.457Z daemon INFO time="2025-08-23T01:05:47+02:00" level=info msg="Adding libraries dir" dir=/home/wasabi/.arduino15/packages/esp8266/hardware/esp8266/3.1.2/libraries isSingleLibrary=false location=platform
time="2025-08-23T01:05:47+02:00" level=info msg="Adding libraries dir" dir=/home/wasabi/Arduino/libraries isSingleLibrary=false location=user
2025-08-23 01:05:51 2025-08-22T23:05:51.550Z root INFO Received port after upload [arduino+serial:///dev/ttyUSB1, esp8266:esp8266:generic:led=2,baud=115200,xtal=80,CrystalFreq=26,eesz=1M64,FlashMode=dout,FlashFreq=40,ResetMethod=nodemcu,dbg=Disabled,lvl=None____,ip=lm2f,vt=flash,exception=disabled,stacksmash=disabled,wipe=none,sdk=nonosdk_190703,ssl=all,mmu=3232,non32xfer=fast, sketch_aug22a]. Before port: {"address":"/dev/ttyUSB1","addressLabel":"/dev/ttyUSB1","protocol":"serial","protocolLabel":"Serial Port (USB)","properties":{"pid":"0x7523","serialNumber":"","vid":"0x1a86"}}, after port: {"address":"/dev/ttyUSB1","addressLabel":"/dev/ttyUSB1","protocol":"serial","protocolLabel":"Serial Port (USB)","properties":{"pid":"0x7523","serialNumber":"","vid":"0x1a86"}}
2025-08-23 01:06:04 2025-08-22T23:06:04.965Z daemon INFO time="2025-08-23T01:06:04+02:00" level=info msg="Adding libraries dir" dir=/home/wasabi/.arduino15/libraries isSingleLibrary=false location=ide
2025-08-23 01:06:04 2025-08-22T23:06:04.966Z daemon INFO time="2025-08-23T01:06:04+02:00" level=info msg="Adding libraries dir" dir=/home/wasabi/.arduino15/packages/esp8266/hardware/esp8266/3.1.2/libraries isSingleLibrary=false location=platform
time="2025-08-23T01:06:04+02:00" level=info msg="Adding libraries dir" dir=/home/wasabi/Arduino/libraries isSingleLibrary=false location=user
2025-08-23 01:06:05 2025-08-22T23:06:05.244Z daemon INFO time="2025-08-23T01:06:05+02:00" level=info msg="Resolving include ESP8266WiFi.h for arch esp8266"
time="2025-08-23T01:06:05+02:00" level=info msg="  found better lib" lib=ESP8266WiFi prio=6B0
2025-08-23 01:06:08 2025-08-22T23:06:08.666Z root INFO Executing 'arduino.languageserver.notifyBuildDidComplete' with "file:///home/wasabi/.cache/arduino/sketches/A482C0AE860C27A4090F3111828A8B3D"
2025-08-23 01:06:08 2025-08-22T23:06:08.800Z daemon INFO time="2025-08-23T01:06:08+02:00" level=info msg="Tool required for debug" tool="esp8266:mklittlefs@3.1.0-gcc10.3-e5f9fec"
time="2025-08-23T01:06:08+02:00" level=info msg="Tool required for debug" tool="esp8266:mkspiffs@3.1.0-gcc10.3-e5f9fec"
time="2025-08-23T01:06:08+02:00" level=info msg="Tool required for debug" tool="esp8266:python3@3.7.2-post1"
time="2025-08-23T01:06:08+02:00" level=info msg="Tool required for debug" tool="esp8266:xtensa-lx106-elf-gcc@3.1.0-gcc10.3-e5f9fec"
time="2025-08-23T01:06:08+02:00" level=info msg="Tool required for debug" tool="builtin:serial-discovery@1.4.1"
time="2025-08-23T01:06:08+02:00" level=info msg="Tool required for debug" tool="arduino:avrdude@6.3.0-arduino17"
time="2025-08-23T01:06:08+02:00" level=info msg="Tool required for debug" tool="arduino:avr-gcc@7.3.0-atmel3.6.1-arduino7"
time="2025-08-23T01:06:08+02:00" level=info msg="Tool required for debug" tool="esp32:s3-gcc@2021r2-p5"
time="2025-08-23T01:06:08+02:00" level=info msg="Tool required for debug" tool="esp32:esptool_py@5.0.0"
time="2025-08-23T01:06:08+02:00" level=info msg="Tool required for debug" tool="esp32:esp32-arduino-libs@idf-release_v5.5-b66b5448-v1"
time="2025-08-23T01:06:08+02:00" level=info msg="Tool required for debug" tool="builtin:ctags@5.8-arduino11"
time="2025-08-23T01:06:08+02:00" level=info msg="Tool required for debug" tool="arduino:dfu-util@0.11.0-arduino5"
time="2025-08-23T01:06:08+02:00" level=info msg="Tool required for debug" tool="esp32:xtensa-esp-elf-gdb@16.2_20250324"
time="2025-08-23T01:06:08+02:00" level=info msg="Tool required for debug" tool="esp32:esp-x32@2411"
time="2025-08-23T01:06:08+02:00" level=info msg="Tool required for debug" tool="builtin:dfu-discovery@0.1.2"
time="2025-08-23T01:06:08+02:00" level=info msg="Tool required for debug" tool="arduino:arduinoOTA@1.3.0"
time="2025-08-23T01:06:08+02:00" level=info msg="Tool required for debug" tool="esp32:riscv32-esp-elf-gdb@16.2_20250324"
time="2025-08-23T01:06:08+02:00" level=info msg="Tool required for debug" tool="esp32:openocd-esp32@v0.12.0-esp32-20250422"
time="2025-08-23T01:06:08+02:00" level=info msg="Tool required for debug" tool="builtin:mdns-discovery@1.0.9"
time="2025-08-23T01:06:08+02:00" level=info msg="Tool required for debug" tool="builtin:serial-monitor@0.15.0"
time="2025-08-23T01:06:08+02:00" level=info msg="Tool required for debug" tool="esp32:esp-rv32@2411"
2025-08-23 01:06:08 2025-08-22T23:06:08.800Z root ERROR Failed to get debug config: esp8266:esp8266:generic:led=2,baud=115200,xtal=80,CrystalFreq=26,eesz=1M64,FlashMode=dout,FlashFreq=40,ResetMethod=nodemcu,dbg=Disabled,lvl=None____,ip=lm2f,vt=flash,exception=disabled,stacksmash=disabled,wipe=none,sdk=nonosdk_190703,ssl=all,mmu=3232,non32xfer=fast, undefined Error: Debugging is not supported.
    at Object.callback (/home/wasabi/workspace/arduino/IDE/resources/app/lib/backend/main.js:2:82366)
    at Object.onReceiveStatus (/home/wasabi/workspace/arduino/IDE/resources/app/lib/backend/main.js:2:946829)
    at Object.onReceiveStatus (/home/wasabi/workspace/arduino/IDE/resources/app/lib/backend/main.js:2:942780)
    at Object.onReceiveStatus (/home/wasabi/workspace/arduino/IDE/resources/app/lib/backend/main.js:2:942225)
    at /home/wasabi/workspace/arduino/IDE/resources/app/lib/backend/main.js:2:1028347
    at process.processTicksAndRejections (node:internal/process/task_queues:77:11)
2025-08-23 01:06:08 2025-08-22T23:06:08.800Z root ERROR Request checkDebugEnabled failed with error: Debugging is not supported. Error: Debugging is not supported.
    at Object.callback (/home/wasabi/workspace/arduino/IDE/resources/app/lib/backend/main.js:2:82366)
    at Object.onReceiveStatus (/home/wasabi/workspace/arduino/IDE/resources/app/lib/backend/main.js:2:946829)
    at Object.onReceiveStatus (/home/wasabi/workspace/arduino/IDE/resources/app/lib/backend/main.js:2:942780)
    at Object.onReceiveStatus (/home/wasabi/workspace/arduino/IDE/resources/app/lib/backend/main.js:2:942225)
    at /home/wasabi/workspace/arduino/IDE/resources/app/lib/backend/main.js:2:1028347
    at process.processTicksAndRejections (node:internal/process/task_queues:77:11)
2025-08-23 01:06:09 2025-08-22T23:06:09.736Z daemon INFO time="2025-08-23T01:06:09+02:00" level=info msg="Adding libraries dir" dir=/home/wasabi/.arduino15/libraries isSingleLibrary=false location=ide
2025-08-23 01:06:09 2025-08-22T23:06:09.736Z daemon INFO time="2025-08-23T01:06:09+02:00" level=info msg="Adding libraries dir" dir=/home/wasabi/.arduino15/packages/esp8266/hardware/esp8266/3.1.2/libraries isSingleLibrary=false location=platform
time="2025-08-23T01:06:09+02:00" level=info msg="Adding libraries dir" dir=/home/wasabi/Arduino/libraries isSingleLibrary=false location=user
2025-08-23 01:06:33 2025-08-22T23:06:33.368Z root INFO Received port after upload [arduino+serial:///dev/ttyUSB1, esp8266:esp8266:generic:led=2,baud=115200,xtal=80,CrystalFreq=26,eesz=1M64,FlashMode=dout,FlashFreq=40,ResetMethod=nodemcu,dbg=Disabled,lvl=None____,ip=lm2f,vt=flash,exception=disabled,stacksmash=disabled,wipe=none,sdk=nonosdk_190703,ssl=all,mmu=3232,non32xfer=fast, sketch_aug22a]. Before port: {"address":"/dev/ttyUSB1","addressLabel":"/dev/ttyUSB1","protocol":"serial","protocolLabel":"Serial Port (USB)","properties":{"pid":"0x7523","serialNumber":"","vid":"0x1a86"}}, after port: {"address":"/dev/ttyUSB1","addressLabel":"/dev/ttyUSB1","protocol":"serial","protocolLabel":"Serial Port (USB)","properties":{"pid":"0x7523","serialNumber":"","vid":"0x1a86"}}
2025-08-23 01:06:59 2025-08-22T23:06:59.096Z daemon INFO time="2025-08-23T01:06:59+02:00" level=info msg="Adding libraries dir" dir=/home/wasabi/.arduino15/libraries isSingleLibrary=false location=ide
2025-08-23 01:06:59 2025-08-22T23:06:59.096Z daemon INFO time="2025-08-23T01:06:59+02:00" level=info msg="Adding libraries dir" dir=/home/wasabi/.arduino15/packages/esp8266/hardware/esp8266/3.1.2/libraries isSingleLibrary=false location=platform
time="2025-08-23T01:06:59+02:00" level=info msg="Adding libraries dir" dir=/home/wasabi/Arduino/libraries isSingleLibrary=false location=user
2025-08-23 01:07:03 2025-08-22T23:07:03.450Z daemon INFO time="2025-08-23T01:07:03+02:00" level=info msg="Adding libraries dir" dir=/home/wasabi/.arduino15/libraries isSingleLibrary=false location=ide
2025-08-23 01:07:03 2025-08-22T23:07:03.450Z daemon INFO time="2025-08-23T01:07:03+02:00" level=info msg="Adding libraries dir" dir=/home/wasabi/.arduino15/packages/esp8266/hardware/esp8266/3.1.2/libraries isSingleLibrary=false location=platform
time="2025-08-23T01:07:03+02:00" level=info msg="Adding libraries dir" dir=/home/wasabi/Arduino/libraries isSingleLibrary=false location=user
2025-08-23 01:07:03 2025-08-22T23:07:03.729Z daemon INFO time="2025-08-23T01:07:03+02:00" level=info msg="Resolving include ESP8266WiFi.h for arch esp8266"
time="2025-08-23T01:07:03+02:00" level=info msg="  found better lib" lib=ESP8266WiFi prio=6B0
2025-08-23 01:07:06 2025-08-22T23:07:06.904Z root INFO Executing 'arduino.languageserver.notifyBuildDidComplete' with "file:///home/wasabi/.cache/arduino/sketches/A482C0AE860C27A4090F3111828A8B3D"
2025-08-23 01:07:07 2025-08-22T23:07:07.027Z daemon INFO time="2025-08-23T01:07:07+02:00" level=info msg="Tool required for debug" tool="esp8266:mklittlefs@3.1.0-gcc10.3-e5f9fec"
time="2025-08-23T01:07:07+02:00" level=info msg="Tool required for debug" tool="esp8266:mkspiffs@3.1.0-gcc10.3-e5f9fec"
time="2025-08-23T01:07:07+02:00" level=info msg="Tool required for debug" tool="esp8266:python3@3.7.2-post1"
time="2025-08-23T01:07:07+02:00" level=info msg="Tool required for debug" tool="esp8266:xtensa-lx106-elf-gcc@3.1.0-gcc10.3-e5f9fec"
time="2025-08-23T01:07:07+02:00" level=info msg="Tool required for debug" tool="arduino:arduinoOTA@1.3.0"
time="2025-08-23T01:07:07+02:00" level=info msg="Tool required for debug" tool="arduino:dfu-util@0.11.0-arduino5"
time="2025-08-23T01:07:07+02:00" level=info msg="Tool required for debug" tool="arduino:avr-gcc@7.3.0-atmel3.6.1-arduino7"
time="2025-08-23T01:07:07+02:00" level=info msg="Tool required for debug" tool="esp32:esp-x32@2411"
time="2025-08-23T01:07:07+02:00" level=info msg="Tool required for debug" tool="esp32:esptool_py@5.0.0"
time="2025-08-23T01:07:07+02:00" level=info msg="Tool required for debug" tool="builtin:dfu-discovery@0.1.2"
time="2025-08-23T01:07:07+02:00" level=info msg="Tool required for debug" tool="arduino:avrdude@6.3.0-arduino17"
time="2025-08-23T01:07:07+02:00" level=info msg="Tool required for debug" tool="esp32:riscv32-esp-elf-gdb@16.2_20250324"
time="2025-08-23T01:07:07+02:00" level=info msg="Tool required for debug" tool="esp32:xtensa-esp-elf-gdb@16.2_20250324"
time="2025-08-23T01:07:07+02:00" level=info msg="Tool required for debug" tool="esp32:openocd-esp32@v0.12.0-esp32-20250422"
time="2025-08-23T01:07:07+02:00" level=info msg="Tool required for debug" tool="esp32:s3-gcc@2021r2-p5"
time="2025-08-23T01:07:07+02:00" level=info msg="Tool required for debug" tool="esp32:esp32-arduino-libs@idf-release_v5.5-b66b5448-v1"
time="2025-08-23T01:07:07+02:00" level=info msg="Tool required for debug" tool="builtin:serial-monitor@0.15.0"
time="2025-08-23T01:07:07+02:00" level=info msg="Tool required for debug" tool="builtin:ctags@5.8-arduino11"
time="2025-08-23T01:07:07+02:00" level=info msg="Tool required for debug" tool="esp32:esp-rv32@2411"
time="2025-08-23T01:07:07+02:00" level=info msg="Tool required for debug" tool="builtin:mdns-discovery@1.0.9"
time="2025-08-23T01:07:07+02:00" level=info msg="Tool required for debug" tool="builtin:serial-discovery@1.4.1"
2025-08-23 01:07:07 2025-08-22T23:07:07.027Z root ERROR Failed to get debug config: esp8266:esp8266:generic:led=2,baud=115200,xtal=80,CrystalFreq=26,eesz=1M64,FlashMode=dout,FlashFreq=40,ResetMethod=nodemcu,dbg=Disabled,lvl=None____,ip=lm2f,vt=flash,exception=disabled,stacksmash=disabled,wipe=none,sdk=nonosdk_190703,ssl=all,mmu=3232,non32xfer=fast, undefined Error: Debugging is not supported.
    at Object.callback (/home/wasabi/workspace/arduino/IDE/resources/app/lib/backend/main.js:2:82366)
    at Object.onReceiveStatus (/home/wasabi/workspace/arduino/IDE/resources/app/lib/backend/main.js:2:946829)
    at Object.onReceiveStatus (/home/wasabi/workspace/arduino/IDE/resources/app/lib/backend/main.js:2:942780)
    at Object.onReceiveStatus (/home/wasabi/workspace/arduino/IDE/resources/app/lib/backend/main.js:2:942225)
    at /home/wasabi/workspace/arduino/IDE/resources/app/lib/backend/main.js:2:1028347
    at process.processTicksAndRejections (node:internal/process/task_queues:77:11)
2025-08-23 01:07:07 2025-08-22T23:07:07.027Z root ERROR Request checkDebugEnabled failed with error: Debugging is not supported. Error: Debugging is not supported.
    at Object.callback (/home/wasabi/workspace/arduino/IDE/resources/app/lib/backend/main.js:2:82366)
    at Object.onReceiveStatus (/home/wasabi/workspace/arduino/IDE/resources/app/lib/backend/main.js:2:946829)
    at Object.onReceiveStatus (/home/wasabi/workspace/arduino/IDE/resources/app/lib/backend/main.js:2:942780)
    at Object.onReceiveStatus (/home/wasabi/workspace/arduino/IDE/resources/app/lib/backend/main.js:2:942225)
    at /home/wasabi/workspace/arduino/IDE/resources/app/lib/backend/main.js:2:1028347
    at process.processTicksAndRejections (node:internal/process/task_queues:77:11)
2025-08-23 01:07:07 2025-08-22T23:07:07.966Z daemon INFO time="2025-08-23T01:07:07+02:00" level=info msg="Adding libraries dir" dir=/home/wasabi/.arduino15/libraries isSingleLibrary=false location=ide
2025-08-23 01:07:07 2025-08-22T23:07:07.966Z daemon INFO time="2025-08-23T01:07:07+02:00" level=info msg="Adding libraries dir" dir=/home/wasabi/.arduino15/packages/esp8266/hardware/esp8266/3.1.2/libraries isSingleLibrary=false location=platform
time="2025-08-23T01:07:07+02:00" level=info msg="Adding libraries dir" dir=/home/wasabi/Arduino/libraries isSingleLibrary=false location=user
2025-08-23 01:07:31 2025-08-22T23:07:31.552Z root INFO Received port after upload [arduino+serial:///dev/ttyUSB1, esp8266:esp8266:generic:led=2,baud=115200,xtal=80,CrystalFreq=26,eesz=1M64,FlashMode=dout,FlashFreq=40,ResetMethod=nodemcu,dbg=Disabled,lvl=None____,ip=lm2f,vt=flash,exception=disabled,stacksmash=disabled,wipe=none,sdk=nonosdk_190703,ssl=all,mmu=3232,non32xfer=fast, sketch_aug22a]. Before port: {"address":"/dev/ttyUSB1","addressLabel":"/dev/ttyUSB1","protocol":"serial","protocolLabel":"Serial Port (USB)","properties":{"pid":"0x7523","serialNumber":"","vid":"0x1a86"}}, after port: {"address":"/dev/ttyUSB1","addressLabel":"/dev/ttyUSB1","protocol":"serial","protocolLabel":"Serial Port (USB)","properties":{"pid":"0x7523","serialNumber":"","vid":"0x1a86"}}
2025-08-23 01:08:48 2025-08-22T23:08:48.780Z discovery-log INFO {"eventType":"remove","port":{"matchingBoardsList":[],"port":{"address":"/dev/ttyUSB1","label":"","protocol":"serial","protocolLabel":"","propertiesMap":[],"hardwareId":""}},"error":""}
2025-08-23 01:09:54 isTempSketch: true. Input was /tmp/.arduinoIDE-unsaved2025722-22045-10wjnyt.1uxm/sketch_aug22a
2025-08-23 01:09:54 Ignored marking workspace as a closed sketch. The sketch was detected as temporary. Workspace URI: file:///tmp/.arduinoIDE-unsaved2025722-22045-10wjnyt.1uxm/sketch_aug22a.
2025-08-23 01:09:56 isTempSketch: true. Input was /tmp/.arduinoIDE-unsaved2025722-22045-10wjnyt.1uxm/sketch_aug22a
2025-08-23 01:09:56 Ignored marking workspace as a closed sketch. The sketch was detected as temporary. Workspace URI: file:///tmp/.arduinoIDE-unsaved2025722-22045-10wjnyt.1uxm/sketch_aug22a.
2025-08-23 01:09:56 Closing channel on service path '/services/electron-window'.
2025-08-23 01:09:56 Closing channel on service path '/services/ide-updater'.
2025-08-23 01:09:56 Stored workspaces roots: 
2025-08-23 01:09:56 No sketches were scheduled for deletion.
