2025-06-10 14:14:21 Loading main app package /usr/lib/obsidian/obsidian.asar
2025-06-10 14:14:21 Checking for update using Github
2025-06-10 14:14:22 Success.
2025-06-10 14:14:22 Latest version is 1.8.10
2025-06-10 14:14:22 App is up to date.
2025-06-11 18:36:56 Loading main app package /usr/lib/obsidian/obsidian.asar
2025-06-11 18:36:56 Checking for update using Github
2025-06-11 18:36:57 Success.
2025-06-11 18:36:57 Latest version is 1.8.10
2025-06-11 18:36:57 App is up to date.
2025-06-23 14:49:47 Loading main app package /usr/lib/obsidian/obsidian.asar
2025-06-23 14:49:47 Checking for update using Github
2025-06-23 14:49:47 Success.
2025-06-23 14:49:47 Latest version is 1.8.10
2025-06-23 14:49:47 App is up to date.
2025-06-23 16:53:03 Loading main app package /usr/lib/obsidian/obsidian.asar
2025-06-23 16:53:03 Checking for update using Github
2025-06-23 16:53:03 Success.
2025-06-23 16:53:03 Latest version is 1.8.10
2025-06-23 16:53:03 App is up to date.
2025-06-28 11:04:54 Loading main app package /usr/lib/obsidian/obsidian.asar
2025-06-28 11:04:54 Checking for update using Github
2025-06-28 11:04:54 Success.
2025-06-28 11:04:54 Latest version is 1.8.10
2025-06-28 11:04:54 App is up to date.
2025-07-01 15:11:23 Loading main app package /usr/lib/obsidian/obsidian.asar
2025-07-01 15:11:23 Checking for update using Github
2025-07-06 13:25:29 Loading main app package /usr/lib/obsidian/obsidian.asar
2025-07-06 13:25:30 Checking for update using Github
2025-07-06 13:25:31 Success.
2025-07-06 13:25:31 Latest version is 1.8.10
2025-07-06 13:25:31 App is up to date.
2025-07-26 14:01:49 Loading main app package /usr/lib/obsidian/obsidian.asar
2025-07-26 14:01:50 Checking for update using Github
2025-07-26 14:01:50 Success.
2025-07-26 14:01:50 Latest version is 1.8.10
2025-07-26 14:01:50 App is up to date.
2025-08-11 11:55:22 Loading main app package /usr/lib/obsidian/obsidian.asar
2025-08-11 11:55:22 Loading main app package /usr/lib/obsidian/obsidian.asar
2025-08-11 11:55:22 Loading main app package /usr/lib/obsidian/obsidian.asar
2025-08-11 11:55:22 Checking for update using Github
2025-08-11 11:55:22 Checking for update using Github
2025-08-11 11:55:22 Checking for update using Github
2025-08-11 11:55:22 Success.
2025-08-11 11:55:22 Latest version is 1.8.10
2025-08-11 11:55:22 App is up to date.
2025-08-11 16:41:44 Loading main app package /usr/lib/obsidian/obsidian.asar
2025-08-11 16:41:44 Checking for update using Github
2025-08-11 16:41:44 Loading main app package /usr/lib/obsidian/obsidian.asar
2025-08-11 16:41:44 Checking for update using Github
2025-08-11 16:41:45 Loading main app package /usr/lib/obsidian/obsidian.asar
2025-08-11 16:41:45 Checking for update using Github
2025-08-11 16:41:45 Success.
2025-08-11 16:41:45 Latest version is 1.8.10
2025-08-11 16:41:45 App is up to date.
2025-08-13 13:16:57 Loading main app package /usr/lib/obsidian/obsidian.asar
2025-08-13 13:16:57 Checking for update using Github
2025-08-13 13:16:57 Success.
2025-08-13 13:16:57 Latest version is 1.8.10
2025-08-13 13:16:57 App is up to date.
2025-08-23 20:52:23 Loading main app package /usr/lib/obsidian/obsidian.asar
2025-08-23 20:52:23 Loading main app package /usr/lib/obsidian/obsidian.asar
2025-08-23 20:52:23 Loading main app package /usr/lib/obsidian/obsidian.asar
2025-08-23 20:52:23 Loading main app package /usr/lib/obsidian/obsidian.asar
2025-08-23 20:52:23 Checking for update using Github
2025-08-23 20:52:24 Checking for update using Github
2025-08-23 20:52:24 Checking for update using Github
2025-08-23 20:52:24 Checking for update using Github
2025-08-23 20:52:24 Success.
2025-08-23 20:52:24 Latest version is 1.9.10
2025-08-23 20:52:24 App is up to date.
2025-08-28 12:36:52 Loading main app package /usr/lib/obsidian/obsidian.asar
2025-08-28 12:36:52 Checking for update using Github
2025-08-28 12:36:53 Success.
2025-08-28 12:36:53 Latest version is 1.9.12
2025-08-28 12:36:53 App is up to date.
2025-08-28 12:37:24 Checking for update using Github
2025-08-28 12:37:24 Success.
2025-08-28 12:37:24 Latest version is 1.9.12
2025-08-28 12:37:24 App is up to date.
2025-08-28 12:40:09 Loading main app package /usr/lib/obsidian/obsidian.asar
2025-08-28 12:40:10 Checking for update using Github
2025-08-28 12:40:10 Success.
2025-08-28 12:40:10 Latest version is 1.9.12
2025-08-28 12:40:10 App is up to date.
2025-09-05 19:21:53 Loading main app package /usr/lib/obsidian/obsidian.asar
2025-09-05 19:21:54 Checking for update using Github
2025-09-05 19:21:54 Success.
2025-09-05 19:21:54 Latest version is 1.9.12
2025-09-05 19:21:54 App is up to date.
2025-09-10 20:50:11 Loading main app package /usr/lib/obsidian/obsidian.asar
2025-09-10 20:50:11 Checking for update using Github
2025-09-10 20:50:12 Success.
2025-09-10 20:50:12 Latest version is 1.9.12
2025-09-10 20:50:12 App is up to date.
2025-09-13 23:28:57 Loading main app package /usr/lib/obsidian/obsidian.asar
2025-09-13 23:28:58 Checking for update using Github
2025-09-13 23:28:58 Success.
2025-09-13 23:28:58 Latest version is 1.9.12
2025-09-13 23:28:58 App is up to date.
2025-09-21 12:00:20 Loading main app package /usr/lib/obsidian/obsidian.asar
2025-09-21 12:00:20 Checking for update using Github
2025-09-21 12:00:21 Success.
2025-09-21 12:00:21 Latest version is 1.9.12
2025-09-21 12:00:21 App is up to date.
2025-10-06 18:07:51 Loading main app package /usr/lib/obsidian/obsidian.asar
2025-10-06 18:07:51 Checking for update using Github
2025-10-06 18:07:51 Success.
2025-10-06 18:07:51 Latest version is 1.9.14
2025-10-06 18:07:51 Downloading update from https://github.com/obsidianmd/obsidian-releases/releases/download/v1.9.14/obsidian-1.9.14.asar.gz
2025-10-06 18:07:54 Verifying hash & signature. Size= 9033685
2025-10-06 18:07:54 Saving file
2025-10-06 18:07:54 Update complete.
2025-10-15 19:06:33 Loading main app package /usr/lib/obsidian/obsidian.asar
2025-10-15 19:06:33 Checking for update using Github
2025-10-15 19:06:33 Success.
2025-10-15 19:06:33 Latest version is 1.9.14
2025-10-15 19:06:33 App is up to date.
2025-10-19 15:14:00 Loading main app package /usr/lib/obsidian/obsidian.asar
2025-10-19 15:14:00 Checking for update using Github
2025-10-19 15:14:00 Success.
2025-10-19 15:14:00 Latest version is 1.9.14
2025-10-19 15:14:00 App is up to date.
2025-11-09 16:08:35 Loading main app package /usr/lib/obsidian/obsidian.asar
2025-11-09 16:08:35 Checking for update using Github
2025-11-09 16:08:35 Success.
2025-11-09 16:08:35 Latest version is 1.9.14
2025-11-09 16:08:35 App is up to date.
2025-11-16 08:43:55 Loading main app package /usr/lib/obsidian/obsidian.asar
2025-11-16 08:43:56 Checking for update using Github
2025-11-16 08:43:56 Success.
2025-11-16 08:43:56 Latest version is 1.10.3
2025-11-16 08:43:56 Downloading update from https://github.com/obsidianmd/obsidian-releases/releases/download/v1.10.3/obsidian-1.10.3.asar.gz
2025-11-16 08:43:57 Verifying hash & signature. Size= 9053948
2025-11-16 08:43:57 Saving file
2025-11-16 08:43:57 Update complete.
